<?xml version="1.0" encoding="UTF-8"?>
<!-- Generated by org.testng.reporters.JUnitReportReporter -->
<testsuite hostname="DESKTOP-1Q442FK" failures="0" tests="3" name="com.DemoQA.qa.Testcases.ElementPageTest" time="111.927" errors="0" timestamp="2023-11-16T13:52:44 IST" skipped="0">
  <testcase classname="com.DemoQA.qa.Testcases.ElementPageTest" name="TextboxTest" time="13.898"/>
  <testcase classname="com.DemoQA.qa.Testcases.ElementPageTest" name="TextboxTest" time="51.030"/>
  <testcase classname="com.DemoQA.qa.Testcases.ElementPageTest" name="TextboxTest" time="46.999"/>
</testsuite> <!-- com.DemoQA.qa.Testcases.ElementPageTest -->
