<?xml version="1.0" encoding="UTF-8"?>
<!-- Generated by org.testng.reporters.JUnitReportReporter -->
<testsuite hostname="DESKTOP-1Q442FK" failures="0" tests="3" name="com.DemoQA.qa.Testcases.HomepageTest" time="29.217" errors="0" timestamp="2023-11-15T12:51:30 IST" skipped="0">
  <testcase classname="com.DemoQA.qa.Testcases.HomepageTest" name="homepageTitleTest" time="9.184"/>
  <testcase classname="com.DemoQA.qa.Testcases.HomepageTest" name="homeAction2" time="10.315"/>
  <testcase classname="com.DemoQA.qa.Testcases.HomepageTest" name="homeAction1" time="9.718"/>
</testsuite> <!-- com.DemoQA.qa.Testcases.HomepageTest -->
